This file contains any messages produced by compilers while
running configure, to aid debugging if configure makes a mistake.

It was created by configure, which was
generated by GNU Autoconf 2.68.  Invocation command line was

  $ ./configure 

## --------- ##
## Platform. ##
## --------- ##

hostname = michal-pc
uname -m = x86_64
uname -r = 3.3.4-1.fc16.x86_64
uname -s = Linux
uname -v = #1 SMP Fri Apr 27 20:12:28 UTC 2012

/usr/bin/uname -p = unknown
/bin/uname -X     = unknown

/bin/arch              = x86_64
/usr/bin/arch -k       = unknown
/usr/convex/getsysinfo = unknown
/usr/bin/hostinfo      = unknown
/bin/machine           = unknown
/usr/bin/oslevel       = unknown
/bin/universe          = unknown

PATH: /usr/local/bin
PATH: /usr/bin
PATH: /bin
PATH: /usr/local/sbin
PATH: /usr/sbin
PATH: /sbin
PATH: /home/michal/.local/bin
PATH: /home/michal/bin


## ----------- ##
## Core tests. ##
## ----------- ##

configure:2273: checking for gcc
configure:2289: found /usr/bin/gcc
configure:2300: result: gcc
configure:2529: checking for C compiler version
configure:2538: gcc --version >&5
gcc (GCC) 4.6.3 20120306 (Red Hat 4.6.3-2)
Copyright (C) 2011 Free Software Foundation, Inc.
This is free software; see the source for copying conditions.  There is NO
warranty; not even for MERCHANTABILITY or FITNESS FOR A PARTICULAR PURPOSE.

configure:2549: $? = 0
configure:2538: gcc -v >&5
Using built-in specs.
COLLECT_GCC=gcc
COLLECT_LTO_WRAPPER=/usr/libexec/gcc/x86_64-redhat-linux/4.6.3/lto-wrapper
Target: x86_64-redhat-linux
Configured with: ../configure --prefix=/usr --mandir=/usr/share/man --infodir=/usr/share/info --with-bugurl=http://bugzilla.redhat.com/bugzilla --enable-bootstrap --enable-shared --enable-threads=posix --enable-checking=release --with-system-zlib --enable-__cxa_atexit --disable-libunwind-exceptions --enable-gnu-unique-object --enable-linker-build-id --enable-languages=c,c++,objc,obj-c++,java,fortran,ada,go,lto --enable-plugin --enable-java-awt=gtk --disable-dssi --with-java-home=/usr/lib/jvm/java-1.5.0-gcj-1.5.0.0/jre --enable-libgcj-multifile --enable-java-maintainer-mode --with-ecj-jar=/usr/share/java/eclipse-ecj.jar --disable-libjava-multilib --with-ppl --with-cloog --with-tune=generic --with-arch_32=i686 --build=x86_64-redhat-linux
Thread model: posix
gcc version 4.6.3 20120306 (Red Hat 4.6.3-2) (GCC) 
configure:2549: $? = 0
configure:2538: gcc -V >&5
gcc: error: unrecognized option '-V'
gcc: fatal error: no input files
compilation terminated.
configure:2549: $? = 4
configure:2538: gcc -qversion >&5
gcc: error: unrecognized option '-qversion'
gcc: fatal error: no input files
compilation terminated.
configure:2549: $? = 4
configure:2569: checking whether the C compiler works
configure:2591: gcc    conftest.c  >&5
configure:2595: $? = 0
configure:2643: result: yes
configure:2646: checking for C compiler default output file name
configure:2648: result: a.out
configure:2654: checking for suffix of executables
configure:2661: gcc -o conftest    conftest.c  >&5
configure:2665: $? = 0
configure:2687: result: 
configure:2709: checking whether we are cross compiling
configure:2717: gcc -o conftest    conftest.c  >&5
configure:2721: $? = 0
configure:2728: ./conftest
configure:2732: $? = 0
configure:2747: result: no
configure:2752: checking for suffix of object files
configure:2774: gcc -c   conftest.c >&5
configure:2778: $? = 0
configure:2799: result: o
configure:2803: checking whether we are using the GNU C compiler
configure:2822: gcc -c   conftest.c >&5
configure:2822: $? = 0
configure:2831: result: yes
configure:2840: checking whether gcc accepts -g
configure:2860: gcc -c -g  conftest.c >&5
configure:2860: $? = 0
configure:2901: result: yes
configure:2918: checking for gcc option to accept ISO C89
configure:2982: gcc  -c -g -O2  conftest.c >&5
configure:2982: $? = 0
configure:2995: result: none needed
configure:3023: checking for special C compiler options needed for large files
configure:3068: result: no
configure:3074: checking for _FILE_OFFSET_BITS value needed for large files
configure:3099: gcc -c -g -O2  conftest.c >&5
configure:3099: $? = 0
configure:3131: result: no
configure:3263: checking for a BSD-compatible install
configure:3331: result: /usr/bin/install -c
configure:3342: checking whether build environment is sane
configure:3392: result: yes
configure:3533: checking for a thread-safe mkdir -p
configure:3572: result: /bin/mkdir -p
configure:3585: checking for gawk
configure:3601: found /usr/bin/gawk
configure:3612: result: gawk
configure:3623: checking whether make sets $(MAKE)
configure:3645: result: yes
configure:3675: checking for style of include used by make
configure:3703: result: GNU
configure:3788: checking dependency style of gcc
configure:3898: result: gcc3
configure:3956: checking build system type
configure:3970: result: x86_64-unknown-linux-gnu
configure:3990: checking host system type
configure:4003: result: x86_64-unknown-linux-gnu
configure:4044: checking how to print strings
configure:4071: result: printf
configure:4092: checking for a sed that does not truncate output
configure:4156: result: /bin/sed
configure:4174: checking for grep that handles long lines and -e
configure:4232: result: /bin/grep
configure:4237: checking for egrep
configure:4299: result: /bin/grep -E
configure:4304: checking for fgrep
configure:4366: result: /bin/grep -F
configure:4401: checking for ld used by gcc
configure:4468: result: /usr/bin/ld
configure:4475: checking if the linker (/usr/bin/ld) is GNU ld
configure:4490: result: yes
configure:4502: checking for BSD- or MS-compatible name lister (nm)
configure:4551: result: /usr/bin/nm -B
configure:4681: checking the name lister (/usr/bin/nm -B) interface
configure:4688: gcc -c -g -O2  conftest.c >&5
configure:4691: /usr/bin/nm -B "conftest.o"
configure:4694: output
0000000000000000 B some_variable
configure:4701: result: BSD nm
configure:4704: checking whether ln -s works
configure:4708: result: yes
configure:4716: checking the maximum length of command line arguments
configure:4841: result: 1572864
configure:4858: checking whether the shell understands some XSI constructs
configure:4868: result: yes
configure:4872: checking whether the shell understands "+="
configure:4878: result: yes
configure:4913: checking how to convert x86_64-unknown-linux-gnu file names to x86_64-unknown-linux-gnu format
configure:4953: result: func_convert_file_noop
configure:4960: checking how to convert x86_64-unknown-linux-gnu file names to toolchain format
configure:4980: result: func_convert_file_noop
configure:4987: checking for /usr/bin/ld option to reload object files
configure:4994: result: -r
configure:5068: checking for objdump
configure:5084: found /usr/bin/objdump
configure:5095: result: objdump
configure:5127: checking how to recognize dependent libraries
configure:5329: result: pass_all
configure:5414: checking for dlltool
configure:5444: result: no
configure:5474: checking how to associate runtime and link libraries
configure:5501: result: printf %s\n
configure:5561: checking for ar
configure:5577: found /usr/bin/ar
configure:5588: result: ar
configure:5625: checking for archiver @FILE support
configure:5642: gcc -c -g -O2  conftest.c >&5
configure:5642: $? = 0
configure:5645: ar cru libconftest.a @conftest.lst >&5
configure:5648: $? = 0
configure:5653: ar cru libconftest.a @conftest.lst >&5
ar: conftest.o: No such file or directory
configure:5656: $? = 1
configure:5668: result: @
configure:5726: checking for strip
configure:5742: found /usr/bin/strip
configure:5753: result: strip
configure:5825: checking for ranlib
configure:5841: found /usr/bin/ranlib
configure:5852: result: ranlib
configure:5954: checking command to parse /usr/bin/nm -B output from gcc object
configure:6073: gcc -c -g -O2  conftest.c >&5
configure:6076: $? = 0
configure:6080: /usr/bin/nm -B conftest.o \| sed -n -e 's/^.*[ ]\([ABCDGIRSTW][ABCDGIRSTW]*\)[ ][ ]*\([_A-Za-z][_A-Za-z0-9]*\)$/\1 \2 \2/p' | sed '/ __gnu_lto/d' \> conftest.nm
configure:6083: $? = 0
configure:6149: gcc -o conftest -g -O2   conftest.c conftstm.o >&5
configure:6152: $? = 0
configure:6190: result: ok
configure:6227: checking for sysroot
configure:6257: result: no
configure:6334: gcc -c -g -O2  conftest.c >&5
configure:6337: $? = 0
configure:6500: checking for mt
configure:6530: result: no
configure:6550: checking if : is a manifest tool
configure:6556: : '-?'
configure:6564: result: no
configure:7196: checking how to run the C preprocessor
configure:7227: gcc -E  conftest.c
configure:7227: $? = 0
configure:7241: gcc -E  conftest.c
conftest.c:12:28: fatal error: ac_nonexistent.h: No such file or directory
compilation terminated.
configure:7241: $? = 1
configure: failed program was:
| /* confdefs.h */
| #define PACKAGE_NAME ""
| #define PACKAGE_TARNAME ""
| #define PACKAGE_VERSION ""
| #define PACKAGE_STRING ""
| #define PACKAGE_BUGREPORT ""
| #define PACKAGE_URL ""
| #define NDEBUG /**/
| #define PACKAGE "afs"
| #define VERSION "20122004"
| /* end confdefs.h.  */
| #include <ac_nonexistent.h>
configure:7266: result: gcc -E
configure:7286: gcc -E  conftest.c
configure:7286: $? = 0
configure:7300: gcc -E  conftest.c
conftest.c:12:28: fatal error: ac_nonexistent.h: No such file or directory
compilation terminated.
configure:7300: $? = 1
configure: failed program was:
| /* confdefs.h */
| #define PACKAGE_NAME ""
| #define PACKAGE_TARNAME ""
| #define PACKAGE_VERSION ""
| #define PACKAGE_STRING ""
| #define PACKAGE_BUGREPORT ""
| #define PACKAGE_URL ""
| #define NDEBUG /**/
| #define PACKAGE "afs"
| #define VERSION "20122004"
| /* end confdefs.h.  */
| #include <ac_nonexistent.h>
configure:7329: checking for ANSI C header files
configure:7349: gcc -c -g -O2  conftest.c >&5
configure:7349: $? = 0
configure:7422: gcc -o conftest -g -O2   conftest.c  >&5
configure:7422: $? = 0
configure:7422: ./conftest
configure:7422: $? = 0
configure:7433: result: yes
configure:7446: checking for sys/types.h
configure:7446: gcc -c -g -O2  conftest.c >&5
configure:7446: $? = 0
configure:7446: result: yes
configure:7446: checking for sys/stat.h
configure:7446: gcc -c -g -O2  conftest.c >&5
configure:7446: $? = 0
configure:7446: result: yes
configure:7446: checking for stdlib.h
configure:7446: gcc -c -g -O2  conftest.c >&5
configure:7446: $? = 0
configure:7446: result: yes
configure:7446: checking for string.h
configure:7446: gcc -c -g -O2  conftest.c >&5
configure:7446: $? = 0
configure:7446: result: yes
configure:7446: checking for memory.h
configure:7446: gcc -c -g -O2  conftest.c >&5
configure:7446: $? = 0
configure:7446: result: yes
configure:7446: checking for strings.h
configure:7446: gcc -c -g -O2  conftest.c >&5
configure:7446: $? = 0
configure:7446: result: yes
configure:7446: checking for inttypes.h
configure:7446: gcc -c -g -O2  conftest.c >&5
configure:7446: $? = 0
configure:7446: result: yes
configure:7446: checking for stdint.h
configure:7446: gcc -c -g -O2  conftest.c >&5
configure:7446: $? = 0
configure:7446: result: yes
configure:7446: checking for unistd.h
configure:7446: gcc -c -g -O2  conftest.c >&5
configure:7446: $? = 0
configure:7446: result: yes
configure:7460: checking for dlfcn.h
configure:7460: gcc -c -g -O2  conftest.c >&5
configure:7460: $? = 0
configure:7460: result: yes
configure:7646: checking for objdir
configure:7661: result: .libs
configure:7928: checking if gcc supports -fno-rtti -fno-exceptions
configure:7946: gcc -c -g -O2  -fno-rtti -fno-exceptions conftest.c >&5
cc1: warning: command line option '-fno-rtti' is valid for C++/ObjC++ but not for C [enabled by default]
configure:7950: $? = 0
configure:7963: result: no
configure:8273: checking for gcc option to produce PIC
configure:8280: result: -fPIC -DPIC
configure:8288: checking if gcc PIC flag -fPIC -DPIC works
configure:8306: gcc -c -g -O2  -fPIC -DPIC -DPIC conftest.c >&5
configure:8310: $? = 0
configure:8323: result: yes
configure:8352: checking if gcc static flag -static works
configure:8380: result: no
configure:8395: checking if gcc supports -c -o file.o
configure:8416: gcc -c -g -O2  -o out/conftest2.o conftest.c >&5
configure:8420: $? = 0
configure:8442: result: yes
configure:8450: checking if gcc supports -c -o file.o
configure:8497: result: yes
configure:8530: checking whether the gcc linker (/usr/bin/ld -m elf_x86_64) supports shared libraries
configure:9688: result: yes
configure:9725: checking whether -lc should be explicitly linked in
configure:9733: gcc -c -g -O2  conftest.c >&5
configure:9736: $? = 0
configure:9751: gcc -shared  -fPIC -DPIC conftest.o  -v -Wl,-soname -Wl,conftest -o conftest 2\>\&1 \| /bin/grep  -lc  \>/dev/null 2\>\&1
configure:9754: $? = 0
configure:9768: result: no
configure:9933: checking dynamic linker characteristics
configure:10447: gcc -o conftest -g -O2   -Wl,-rpath -Wl,/foo conftest.c  >&5
configure:10447: $? = 0
configure:10673: result: GNU/Linux ld.so
configure:10780: checking how to hardcode library paths into programs
configure:10805: result: immediate
configure:11345: checking whether stripping libraries is possible
configure:11350: result: yes
configure:11385: checking if libtool supports shared libraries
configure:11387: result: yes
configure:11390: checking whether to build shared libraries
configure:11411: result: yes
configure:11414: checking whether to build static libraries
configure:11418: result: no
configure:11513: checking for g++
configure:11529: found /usr/bin/g++
configure:11540: result: g++
configure:11567: checking for C++ compiler version
configure:11576: g++ --version >&5
g++ (GCC) 4.6.3 20120306 (Red Hat 4.6.3-2)
Copyright (C) 2011 Free Software Foundation, Inc.
This is free software; see the source for copying conditions.  There is NO
warranty; not even for MERCHANTABILITY or FITNESS FOR A PARTICULAR PURPOSE.

configure:11587: $? = 0
configure:11576: g++ -v >&5
Using built-in specs.
COLLECT_GCC=g++
COLLECT_LTO_WRAPPER=/usr/libexec/gcc/x86_64-redhat-linux/4.6.3/lto-wrapper
Target: x86_64-redhat-linux
Configured with: ../configure --prefix=/usr --mandir=/usr/share/man --infodir=/usr/share/info --with-bugurl=http://bugzilla.redhat.com/bugzilla --enable-bootstrap --enable-shared --enable-threads=posix --enable-checking=release --with-system-zlib --enable-__cxa_atexit --disable-libunwind-exceptions --enable-gnu-unique-object --enable-linker-build-id --enable-languages=c,c++,objc,obj-c++,java,fortran,ada,go,lto --enable-plugin --enable-java-awt=gtk --disable-dssi --with-java-home=/usr/lib/jvm/java-1.5.0-gcj-1.5.0.0/jre --enable-libgcj-multifile --enable-java-maintainer-mode --with-ecj-jar=/usr/share/java/eclipse-ecj.jar --disable-libjava-multilib --with-ppl --with-cloog --with-tune=generic --with-arch_32=i686 --build=x86_64-redhat-linux
Thread model: posix
gcc version 4.6.3 20120306 (Red Hat 4.6.3-2) (GCC) 
configure:11587: $? = 0
configure:11576: g++ -V >&5
g++: error: unrecognized option '-V'
g++: fatal error: no input files
compilation terminated.
configure:11587: $? = 4
configure:11576: g++ -qversion >&5
g++: error: unrecognized option '-qversion'
g++: fatal error: no input files
compilation terminated.
configure:11587: $? = 4
configure:11591: checking whether we are using the GNU C++ compiler
configure:11610: g++ -c   conftest.cpp >&5
configure:11610: $? = 0
configure:11619: result: yes
configure:11628: checking whether g++ accepts -g
configure:11648: g++ -c -g  conftest.cpp >&5
configure:11648: $? = 0
configure:11689: result: yes
configure:11714: checking dependency style of g++
configure:11824: result: gcc3
configure:11857: checking how to run the C++ preprocessor
configure:11884: g++ -E  conftest.cpp
configure:11884: $? = 0
configure:11898: g++ -E  conftest.cpp
conftest.cpp:24:28: fatal error: ac_nonexistent.h: No such file or directory
compilation terminated.
configure:11898: $? = 1
configure: failed program was:
| /* confdefs.h */
| #define PACKAGE_NAME ""
| #define PACKAGE_TARNAME ""
| #define PACKAGE_VERSION ""
| #define PACKAGE_STRING ""
| #define PACKAGE_BUGREPORT ""
| #define PACKAGE_URL ""
| #define NDEBUG /**/
| #define PACKAGE "afs"
| #define VERSION "20122004"
| #define STDC_HEADERS 1
| #define HAVE_SYS_TYPES_H 1
| #define HAVE_SYS_STAT_H 1
| #define HAVE_STDLIB_H 1
| #define HAVE_STRING_H 1
| #define HAVE_MEMORY_H 1
| #define HAVE_STRINGS_H 1
| #define HAVE_INTTYPES_H 1
| #define HAVE_STDINT_H 1
| #define HAVE_UNISTD_H 1
| #define HAVE_DLFCN_H 1
| #define LT_OBJDIR ".libs/"
| /* end confdefs.h.  */
| #include <ac_nonexistent.h>
configure:11923: result: g++ -E
configure:11943: g++ -E  conftest.cpp
configure:11943: $? = 0
configure:11957: g++ -E  conftest.cpp
conftest.cpp:24:28: fatal error: ac_nonexistent.h: No such file or directory
compilation terminated.
configure:11957: $? = 1
configure: failed program was:
| /* confdefs.h */
| #define PACKAGE_NAME ""
| #define PACKAGE_TARNAME ""
| #define PACKAGE_VERSION ""
| #define PACKAGE_STRING ""
| #define PACKAGE_BUGREPORT ""
| #define PACKAGE_URL ""
| #define NDEBUG /**/
| #define PACKAGE "afs"
| #define VERSION "20122004"
| #define STDC_HEADERS 1
| #define HAVE_SYS_TYPES_H 1
| #define HAVE_SYS_STAT_H 1
| #define HAVE_STDLIB_H 1
| #define HAVE_STRING_H 1
| #define HAVE_MEMORY_H 1
| #define HAVE_STRINGS_H 1
| #define HAVE_INTTYPES_H 1
| #define HAVE_STDINT_H 1
| #define HAVE_UNISTD_H 1
| #define HAVE_DLFCN_H 1
| #define LT_OBJDIR ".libs/"
| /* end confdefs.h.  */
| #include <ac_nonexistent.h>
configure:12127: checking for ld used by g++
configure:12194: result: /usr/bin/ld -m elf_x86_64
configure:12201: checking if the linker (/usr/bin/ld -m elf_x86_64) is GNU ld
configure:12216: result: yes
configure:12271: checking whether the g++ linker (/usr/bin/ld -m elf_x86_64) supports shared libraries
configure:13275: result: yes
configure:13310: g++ -c -g -O2  conftest.cpp >&5
configure:13313: $? = 0
configure:13833: checking for g++ option to produce PIC
configure:13840: result: -fPIC -DPIC
configure:13848: checking if g++ PIC flag -fPIC -DPIC works
configure:13866: g++ -c -g -O2  -fPIC -DPIC -DPIC conftest.cpp >&5
configure:13870: $? = 0
configure:13883: result: yes
configure:13906: checking if g++ static flag -static works
configure:13934: result: no
configure:13946: checking if g++ supports -c -o file.o
configure:13967: g++ -c -g -O2  -o out/conftest2.o conftest.cpp >&5
configure:13971: $? = 0
configure:13993: result: yes
configure:13998: checking if g++ supports -c -o file.o
configure:14045: result: yes
configure:14075: checking whether the g++ linker (/usr/bin/ld -m elf_x86_64) supports shared libraries
configure:14109: result: yes
configure:14252: checking dynamic linker characteristics
configure:14926: result: GNU/Linux ld.so
configure:14979: checking how to hardcode library paths into programs
configure:15004: result: immediate
configure:15088: checking for ranlib
configure:15115: result: ranlib
configure:15165: gcc -o conftest -g -O2   conftest.c -lfuse   >&5
configure:15165: $? = 0
configure:15174: result: yes
configure:15187: checking for zip_open in -lzip
configure:15212: gcc -o conftest -g -O2   conftest.c -lzip  -lfuse  >&5
configure:15212: $? = 0
configure:15221: result: yes
configure:15234: checking for tar_open in -ltar
configure:15259: gcc -o conftest -g -O2   conftest.c -ltar  -lzip -lfuse  >&5
configure:15259: $? = 0
configure:15268: result: yes
configure:15281: checking for gzdopen in -lz
configure:15306: gcc -o conftest -g -O2   conftest.c -lz  -ltar -lzip -lfuse  >&5
configure:15306: $? = 0
configure:15315: result: yes
configure:15328: checking for iso_init in -lisofs
configure:15353: gcc -o conftest -g -O2   conftest.c -lisofs  -lz -ltar -lzip -lfuse  >&5
configure:15353: $? = 0
configure:15362: result: yes
configure:15375: checking for magic_open in -lmagic
configure:15400: gcc -o conftest -g -O2   conftest.c -lmagic  -lisofs -lz -ltar -lzip -lfuse  >&5
configure:15400: $? = 0
configure:15409: result: yes
configure:15425: checking for /usr/share/file/magic
configure:15438: result: yes
configure:15673: creating ./config.status

## ---------------------- ##
## Running config.status. ##
## ---------------------- ##

This file was extended by config.status, which was
generated by GNU Autoconf 2.68.  Invocation command line was

  CONFIG_FILES    = 
  CONFIG_HEADERS  = 
  CONFIG_LINKS    = 
  CONFIG_COMMANDS = 
  $ ./config.status 

on michal-pc

config.status:1078: creating Makefile
config.status:1078: creating src/Makefile
config.status:1078: creating drivers/Makefile
config.status:1250: executing depfiles commands
config.status:1250: executing libtool commands

## ---------------- ##
## Cache variables. ##
## ---------------- ##

ac_cv_build=x86_64-unknown-linux-gnu
ac_cv_c_compiler_gnu=yes
ac_cv_cxx_compiler_gnu=yes
ac_cv_env_CCC_set=
ac_cv_env_CCC_value=
ac_cv_env_CC_set=
ac_cv_env_CC_value=
ac_cv_env_CFLAGS_set=
ac_cv_env_CFLAGS_value=
ac_cv_env_CPPFLAGS_set=
ac_cv_env_CPPFLAGS_value=
ac_cv_env_CPP_set=
ac_cv_env_CPP_value=
ac_cv_env_CXXCPP_set=
ac_cv_env_CXXCPP_value=
ac_cv_env_CXXFLAGS_set=
ac_cv_env_CXXFLAGS_value=
ac_cv_env_CXX_set=
ac_cv_env_CXX_value=
ac_cv_env_LDFLAGS_set=
ac_cv_env_LDFLAGS_value=
ac_cv_env_LIBS_set=
ac_cv_env_LIBS_value=
ac_cv_env_build_alias_set=
ac_cv_env_build_alias_value=
ac_cv_env_host_alias_set=
ac_cv_env_host_alias_value=
ac_cv_env_target_alias_set=
ac_cv_env_target_alias_value=
ac_cv_file__usr_share_file_magic=yes
ac_cv_header_dlfcn_h=yes
ac_cv_header_inttypes_h=yes
ac_cv_header_memory_h=yes
ac_cv_header_stdc=yes
ac_cv_header_stdint_h=yes
ac_cv_header_stdlib_h=yes
ac_cv_header_string_h=yes
ac_cv_header_strings_h=yes
ac_cv_header_sys_stat_h=yes
ac_cv_header_sys_types_h=yes
ac_cv_header_unistd_h=yes
ac_cv_host=x86_64-unknown-linux-gnu
ac_cv_lib_fuse_fuse_main=yes
ac_cv_lib_isofs_iso_init=yes
ac_cv_lib_magic_magic_open=yes
ac_cv_lib_tar_tar_open=yes
ac_cv_lib_z_gzdopen=yes
ac_cv_lib_zip_zip_open=yes
ac_cv_objext=o
ac_cv_path_EGREP='/bin/grep -E'
ac_cv_path_FGREP='/bin/grep -F'
ac_cv_path_GREP=/bin/grep
ac_cv_path_SED=/bin/sed
ac_cv_path_install='/usr/bin/install -c'
ac_cv_path_mkdir=/bin/mkdir
ac_cv_prog_AWK=gawk
ac_cv_prog_CPP='gcc -E'
ac_cv_prog_CXXCPP='g++ -E'
ac_cv_prog_ac_ct_AR=ar
ac_cv_prog_ac_ct_CC=gcc
ac_cv_prog_ac_ct_CXX=g++
ac_cv_prog_ac_ct_OBJDUMP=objdump
ac_cv_prog_ac_ct_RANLIB=ranlib
ac_cv_prog_ac_ct_STRIP=strip
ac_cv_prog_cc_c89=
ac_cv_prog_cc_g=yes
ac_cv_prog_cxx_g=yes
ac_cv_prog_make_make_set=yes
ac_cv_sys_file_offset_bits=no
ac_cv_sys_largefile_CC=no
am_cv_CC_dependencies_compiler_type=gcc3
am_cv_CXX_dependencies_compiler_type=gcc3
lt_cv_ar_at_file=@
lt_cv_archive_cmds_need_lc=no
lt_cv_deplibs_check_method=pass_all
lt_cv_file_magic_cmd='$MAGIC_CMD'
lt_cv_file_magic_test_file=
lt_cv_ld_reload_flag=-r
lt_cv_nm_interface='BSD nm'
lt_cv_objdir=.libs
lt_cv_path_LD=/usr/bin/ld
lt_cv_path_LDCXX='/usr/bin/ld -m elf_x86_64'
lt_cv_path_NM='/usr/bin/nm -B'
lt_cv_path_mainfest_tool=no
lt_cv_prog_compiler_c_o=yes
lt_cv_prog_compiler_c_o_CXX=yes
lt_cv_prog_compiler_pic='-fPIC -DPIC'
lt_cv_prog_compiler_pic_CXX='-fPIC -DPIC'
lt_cv_prog_compiler_pic_works=yes
lt_cv_prog_compiler_pic_works_CXX=yes
lt_cv_prog_compiler_rtti_exceptions=no
lt_cv_prog_compiler_static_works=no
lt_cv_prog_compiler_static_works_CXX=no
lt_cv_prog_gnu_ld=yes
lt_cv_prog_gnu_ldcxx=yes
lt_cv_sharedlib_from_linklib_cmd='printf %s\n'
lt_cv_shlibpath_overrides_runpath=no
lt_cv_sys_global_symbol_pipe='sed -n -e '\''s/^.*[	 ]\([ABCDGIRSTW][ABCDGIRSTW]*\)[	 ][	 ]*\([_A-Za-z][_A-Za-z0-9]*\)$/\1 \2 \2/p'\'' | sed '\''/ __gnu_lto/d'\'''
lt_cv_sys_global_symbol_to_c_name_address='sed -n -e '\''s/^: \([^ ]*\)[ ]*$/  {\"\1\", (void *) 0},/p'\'' -e '\''s/^[ABCDGIRSTW]* \([^ ]*\) \([^ ]*\)$/  {"\2", (void *) \&\2},/p'\'''
lt_cv_sys_global_symbol_to_c_name_address_lib_prefix='sed -n -e '\''s/^: \([^ ]*\)[ ]*$/  {\"\1\", (void *) 0},/p'\'' -e '\''s/^[ABCDGIRSTW]* \([^ ]*\) \(lib[^ ]*\)$/  {"\2", (void *) \&\2},/p'\'' -e '\''s/^[ABCDGIRSTW]* \([^ ]*\) \([^ ]*\)$/  {"lib\2", (void *) \&\2},/p'\'''
lt_cv_sys_global_symbol_to_cdecl='sed -n -e '\''s/^T .* \(.*\)$/extern int \1();/p'\'' -e '\''s/^[ABCDGIRSTW]* .* \(.*\)$/extern char \1;/p'\'''
lt_cv_sys_max_cmd_len=1572864
lt_cv_to_host_file_cmd=func_convert_file_noop
lt_cv_to_tool_file_cmd=func_convert_file_noop

## ----------------- ##
## Output variables. ##
## ----------------- ##

ACLOCAL='${SHELL} /home/michal/_BP/FINAL/ArchiveFS/missing --run aclocal-1.11'
AMDEPBACKSLASH='\'
AMDEP_FALSE='#'
AMDEP_TRUE=''
AMTAR='${SHELL} /home/michal/_BP/FINAL/ArchiveFS/missing --run tar'
AM_BACKSLASH='\'
AM_DEFAULT_VERBOSITY='1'
AR='ar'
AUTOCONF='${SHELL} /home/michal/_BP/FINAL/ArchiveFS/missing --run autoconf'
AUTOHEADER='${SHELL} /home/michal/_BP/FINAL/ArchiveFS/missing --run autoheader'
AUTOMAKE='${SHELL} /home/michal/_BP/FINAL/ArchiveFS/missing --run automake-1.11'
AWK='gawk'
CC='gcc'
CCDEPMODE='depmode=gcc3'
CFLAGS='-g -O2'
CPP='gcc -E'
CPPFLAGS=''
CXX='g++'
CXXCPP='g++ -E'
CXXDEPMODE='depmode=gcc3'
CXXFLAGS='-g -O2 -O0 -ggdb3 -W -Wall -Wno-unused-result -pedantic -D_FILE_OFFSET_BITS=64'
CYGPATH_W='echo'
DEFS='-DPACKAGE_NAME=\"\" -DPACKAGE_TARNAME=\"\" -DPACKAGE_VERSION=\"\" -DPACKAGE_STRING=\"\" -DPACKAGE_BUGREPORT=\"\" -DPACKAGE_URL=\"\" -DNDEBUG=/\*\*/ -DPACKAGE=\"afs\" -DVERSION=\"20122004\" -DSTDC_HEADERS=1 -DHAVE_SYS_TYPES_H=1 -DHAVE_SYS_STAT_H=1 -DHAVE_STDLIB_H=1 -DHAVE_STRING_H=1 -DHAVE_MEMORY_H=1 -DHAVE_STRINGS_H=1 -DHAVE_INTTYPES_H=1 -DHAVE_STDINT_H=1 -DHAVE_UNISTD_H=1 -DHAVE_DLFCN_H=1 -DLT_OBJDIR=\".libs/\" -DHAVE_LIBFUSE=1 -DHAVE_LIBZIP=1 -DHAVE_LIBTAR=1 -DHAVE_LIBZ=1 -DHAVE_LIBISOFS=1 -DHAVE_LIBMAGIC=1 -DFILE_MAGIC=\"/usr/share/file/magic\"'
DEPDIR='.deps'
DLLTOOL='false'
DSYMUTIL=''
DUMPBIN=''
ECHO_C=''
ECHO_N='-n'
ECHO_T=''
EGREP='/bin/grep -E'
EXEEXT=''
FGREP='/bin/grep -F'
GREP='/bin/grep'
INSTALL_DATA='${INSTALL} -m 644'
INSTALL_PROGRAM='${INSTALL}'
INSTALL_SCRIPT='${INSTALL}'
INSTALL_STRIP_PROGRAM='$(install_sh) -c -s'
LD='/usr/bin/ld -m elf_x86_64'
LDFLAGS=''
LIBOBJS=''
LIBS='-lmagic -lisofs -lz -ltar -lzip -lfuse '
LIBTOOL='$(SHELL) $(top_builddir)/libtool'
LIPO=''
LN_S='ln -s'
LTLIBOBJS=''
MAKEINFO='${SHELL} /home/michal/_BP/FINAL/ArchiveFS/missing --run makeinfo'
MANIFEST_TOOL=':'
MKDIR_P='/bin/mkdir -p'
NM='/usr/bin/nm -B'
NMEDIT=''
OBJDUMP='objdump'
OBJEXT='o'
OTOOL64=''
OTOOL=''
PACKAGE='afs'
PACKAGE_BUGREPORT=''
PACKAGE_NAME=''
PACKAGE_STRING=''
PACKAGE_TARNAME=''
PACKAGE_URL=''
PACKAGE_VERSION=''
PATH_SEPARATOR=':'
RANLIB='ranlib'
SED='/bin/sed'
SET_MAKE=''
SHELL='/bin/sh'
STRIP='strip'
VERSION='20122004'
ac_ct_AR='ar'
ac_ct_CC='gcc'
ac_ct_CXX='g++'
ac_ct_DUMPBIN=''
am__EXEEXT_FALSE=''
am__EXEEXT_TRUE='#'
am__fastdepCC_FALSE='#'
am__fastdepCC_TRUE=''
am__fastdepCXX_FALSE='#'
am__fastdepCXX_TRUE=''
am__include='include'
am__isrc=''
am__leading_dot='.'
am__quote=''
am__tar='${AMTAR} chof - "$$tardir"'
am__untar='${AMTAR} xf -'
bindir='${exec_prefix}/bin'
build='x86_64-unknown-linux-gnu'
build_alias=''
build_cpu='x86_64'
build_os='linux-gnu'
build_vendor='unknown'
datadir='${datarootdir}'
datarootdir='${prefix}/share'
docdir='${datarootdir}/doc/${PACKAGE}'
dvidir='${docdir}'
exec_prefix='${prefix}'
host='x86_64-unknown-linux-gnu'
host_alias=''
host_cpu='x86_64'
host_os='linux-gnu'
host_vendor='unknown'
htmldir='${docdir}'
includedir='${prefix}/include'
infodir='${datarootdir}/info'
install_sh='${SHELL} /home/michal/_BP/FINAL/ArchiveFS/install-sh'
libdir='${exec_prefix}/lib'
libexecdir='${exec_prefix}/libexec'
localedir='${datarootdir}/locale'
localstatedir='${prefix}/var'
mandir='${datarootdir}/man'
mkdir_p='/bin/mkdir -p'
oldincludedir='/usr/include'
pdfdir='${docdir}'
prefix='/usr/local'
program_transform_name='s,x,x,'
psdir='${docdir}'
sbindir='${exec_prefix}/sbin'
sharedstatedir='${prefix}/com'
sysconfdir='${prefix}/etc'
target_alias=''

## ----------- ##
## confdefs.h. ##
## ----------- ##

/* confdefs.h */
#define PACKAGE_NAME ""
#define PACKAGE_TARNAME ""
#define PACKAGE_VERSION ""
#define PACKAGE_STRING ""
#define PACKAGE_BUGREPORT ""
#define PACKAGE_URL ""
#define NDEBUG /**/
#define PACKAGE "afs"
#define VERSION "20122004"
#define STDC_HEADERS 1
#define HAVE_SYS_TYPES_H 1
#define HAVE_SYS_STAT_H 1
#define HAVE_STDLIB_H 1
#define HAVE_STRING_H 1
#define HAVE_MEMORY_H 1
#define HAVE_STRINGS_H 1
#define HAVE_INTTYPES_H 1
#define HAVE_STDINT_H 1
#define HAVE_UNISTD_H 1
#define HAVE_DLFCN_H 1
#define LT_OBJDIR ".libs/"
#define HAVE_LIBFUSE 1
#define HAVE_LIBZIP 1
#define HAVE_LIBTAR 1
#define HAVE_LIBZ 1
#define HAVE_LIBISOFS 1
#define HAVE_LIBMAGIC 1
#define FILE_MAGIC "/usr/share/file/magic"

configure: exit 0
